        -:    0:Source:dominion.c
        -:    0:Graph:dominion.gcno
        -:    0:Data:dominion.gcda
        -:    0:Runs:1
        -:    0:Programs:1
        -:    1:#include "dominion.h"
        -:    2:#include "dominion_helpers.h"
        -:    3:#include "rngs.h"
        -:    4:#include <stdio.h>
        -:    5:#include <math.h>
        -:    6:#include <stdlib.h>
        -:    7:
    18975:    8:int compare(const void* a, const void* b) {
    18975:    9:  if (*(int*)a > *(int*)b)
    #####:   10:    return 1;
    18975:   11:  if (*(int*)a < *(int*)b)
     5060:   12:    return -1;
    13915:   13:  return 0;
        -:   14:}
        -:   15:
    #####:   16:struct gameState* newGame() {
    #####:   17:  struct gameState* g = malloc(sizeof(struct gameState));
    #####:   18:  return g;
        -:   19:}
        -:   20:
    #####:   21:int* kingdomCards(int k1, int k2, int k3, int k4, int k5, int k6, int k7,
        -:   22:		  int k8, int k9, int k10) {
    #####:   23:  int* k = malloc(10 * sizeof(int));
    #####:   24:  k[0] = k1;
    #####:   25:  k[1] = k2;
    #####:   26:  k[2] = k3;
    #####:   27:  k[3] = k4;
    #####:   28:  k[4] = k5;
    #####:   29:  k[5] = k6;
    #####:   30:  k[6] = k7;
    #####:   31:  k[7] = k8;
    #####:   32:  k[8] = k9;
    #####:   33:  k[9] = k10;
    #####:   34:  return k;
        -:   35:}
        -:   36:
      500:   37:int initializeGame(int numPlayers, int kingdomCards[10], int randomSeed,
        -:   38:		   struct gameState *state) {
        -:   39:
        -:   40:  int i;
        -:   41:  int j;
        -:   42:  int it;			
        -:   43:  //set up random number generator
      500:   44:  SelectStream(1);
      500:   45:  PutSeed((long)randomSeed);
        -:   46:  
        -:   47:  //check number of players
      500:   48:  if (numPlayers > MAX_PLAYERS || numPlayers < 2)
        -:   49:    {
    #####:   50:      return -1;
        -:   51:    }
        -:   52:
        -:   53:  //set number of players
      500:   54:  state->numPlayers = numPlayers;
        -:   55:
        -:   56:  //check selected kingdom cards are different
     5500:   57:  for (i = 0; i < 10; i++)
        -:   58:    {
    55000:   59:      for (j = 0; j < 10; j++)
        -:   60:        {
    50000:   61:	  if (j != i && kingdomCards[j] == kingdomCards[i])
        -:   62:	    {
    #####:   63:	      return -1;
        -:   64:	    }
        -:   65:        }
        -:   66:    }
        -:   67:
        -:   68:
        -:   69:  //initialize supply
        -:   70:  ///////////////////////////////
        -:   71:
        -:   72:  //set number of Curse cards
      500:   73:  if (numPlayers == 2)
        -:   74:    {
      235:   75:      state->supplyCount[curse] = 10;
        -:   76:    }
      265:   77:  else if (numPlayers == 3)
        -:   78:    {
      265:   79:      state->supplyCount[curse] = 20;
        -:   80:    }
        -:   81:  else
        -:   82:    {
    #####:   83:      state->supplyCount[curse] = 30;
        -:   84:    }
        -:   85:
        -:   86:  //set number of Victory cards
      500:   87:  if (numPlayers == 2)
        -:   88:    {
      235:   89:      state->supplyCount[estate] = 8;
      235:   90:      state->supplyCount[duchy] = 8;
      235:   91:      state->supplyCount[province] = 8;
        -:   92:    }
        -:   93:  else
        -:   94:    {
      265:   95:      state->supplyCount[estate] = 12;
      265:   96:      state->supplyCount[duchy] = 12;
      265:   97:      state->supplyCount[province] = 12;
        -:   98:    }
        -:   99:
        -:  100:  //set number of Treasure cards
      500:  101:  state->supplyCount[copper] = 60 - (7 * numPlayers);
      500:  102:  state->supplyCount[silver] = 40;
      500:  103:  state->supplyCount[gold] = 30;
        -:  104:
        -:  105:  //set number of Kingdom cards
    10500:  106:  for (i = adventurer; i <= treasure_map; i++)       	//loop all cards
        -:  107:    {
    82500:  108:      for (j = 0; j < 10; j++)           		//loop chosen cards
        -:  109:	{
    77500:  110:	  if (kingdomCards[j] == i)
        -:  111:	    {
        -:  112:	      //check if card is a 'Victory' Kingdom card
     5000:  113:	      if (kingdomCards[j] == great_hall || kingdomCards[j] == gardens)
        -:  114:		{
    #####:  115:		  if (numPlayers == 2){ 
    #####:  116:		    state->supplyCount[i] = 8; 
        -:  117:		  }
    #####:  118:		  else{ state->supplyCount[i] = 12; }
        -:  119:		}
        -:  120:	      else
        -:  121:		{
     5000:  122:		  state->supplyCount[i] = 10;
        -:  123:		}
     5000:  124:	      break;
        -:  125:	    }
        -:  126:	  else    //card is not in the set choosen for the game
        -:  127:	    {
    72500:  128:	      state->supplyCount[i] = -1;
        -:  129:	    }
        -:  130:	}
        -:  131:
        -:  132:    }
        -:  133:
        -:  134:  ////////////////////////
        -:  135:  //supply intilization complete
        -:  136:
        -:  137:  //set player decks
     1765:  138:  for (i = 0; i < numPlayers; i++)
        -:  139:    {
     1265:  140:      state->deckCount[i] = 0;
     5060:  141:      for (j = 0; j < 3; j++)
        -:  142:	{
     3795:  143:	  state->deck[i][j] = estate;
     3795:  144:	  state->deckCount[i]++;
        -:  145:	}
    10120:  146:      for (j = 3; j < 10; j++)
        -:  147:	{
     8855:  148:	  state->deck[i][j] = copper;
     8855:  149:	  state->deckCount[i]++;		
        -:  150:	}
        -:  151:    }
        -:  152:
        -:  153:  //shuffle player decks
     1765:  154:  for (i = 0; i < numPlayers; i++)
        -:  155:    {
     1265:  156:      if ( shuffle(i, state) < 0 )
        -:  157:	{
    #####:  158:	  return -1;
        -:  159:	}
        -:  160:    }
        -:  161:
        -:  162:  //draw player hands
     1765:  163:  for (i = 0; i < numPlayers; i++)
        -:  164:    {  
        -:  165:      //initialize hand size to zero
     1265:  166:      state->handCount[i] = 0;
     1265:  167:      state->discardCount[i] = 0;
        -:  168:      //draw 5 cards
        -:  169:      // for (j = 0; j < 5; j++)
        -:  170:      //	{
        -:  171:      //	  drawCard(i, state);
        -:  172:      //	}
        -:  173:    }
        -:  174:  
        -:  175:  //set embargo tokens to 0 for all supply piles
    14000:  176:  for (i = 0; i <= treasure_map; i++)
        -:  177:    {
    13500:  178:      state->embargoTokens[i] = 0;
        -:  179:    }
        -:  180:
        -:  181:  //initialize first player's turn
      500:  182:  state->outpostPlayed = 0;
      500:  183:  state->phase = 0;
      500:  184:  state->numActions = 1;
      500:  185:  state->numBuys = 1;
      500:  186:  state->playedCardCount = 0;
      500:  187:  state->whoseTurn = 0;
      500:  188:  state->handCount[state->whoseTurn] = 0;
        -:  189:  //int it; move to top
        -:  190:
        -:  191:  //Moved draw cards to here, only drawing at the start of a turn
     3000:  192:  for (it = 0; it < 5; it++){
     2500:  193:    drawCard(state->whoseTurn, state);
        -:  194:  }
        -:  195:
      500:  196:  updateCoins(state->whoseTurn, state, 0);
        -:  197:
      500:  198:  return 0;
        -:  199:}
        -:  200:
     1265:  201:int shuffle(int player, struct gameState *state) {
        -:  202: 
        -:  203:
        -:  204:  int newDeck[MAX_DECK];
     1265:  205:  int newDeckPos = 0;
        -:  206:  int card;
        -:  207:  int i;
        -:  208:
     1265:  209:  if (state->deckCount[player] < 1)
    #####:  210:    return -1;
     1265:  211:  qsort ((void*)(state->deck[player]), state->deckCount[player], sizeof(int), compare); 
        -:  212:  /* SORT CARDS IN DECK TO ENSURE DETERMINISM! */
        -:  213:
    15180:  214:  while (state->deckCount[player] > 0) {
    12650:  215:    card = floor(Random() * state->deckCount[player]);
    12650:  216:    newDeck[newDeckPos] = state->deck[player][card];
    12650:  217:    newDeckPos++;
    43401:  218:    for (i = card; i < state->deckCount[player]-1; i++) {
    30751:  219:      state->deck[player][i] = state->deck[player][i+1];
        -:  220:    }
    12650:  221:    state->deckCount[player]--;
        -:  222:  }
    13915:  223:  for (i = 0; i < newDeckPos; i++) {
    12650:  224:    state->deck[player][i] = newDeck[i];
    12650:  225:    state->deckCount[player]++;
        -:  226:  }
        -:  227:
     1265:  228:  return 0;
        -:  229:}
        -:  230:
      500:  231:int playCard(int handPos, int choice1, int choice2, int choice3, struct gameState *state) 
        -:  232:{	
        -:  233:  int card;
      500:  234:  int coin_bonus = 0; 		//tracks coins gain from actions
        -:  235:
        -:  236:  //check if it is the right phase
      500:  237:  if (state->phase != 0)
        -:  238:    {
    #####:  239:      return -1;
        -:  240:    }
        -:  241:	
        -:  242:  //check if player has enough actions
      500:  243:  if ( state->numActions < 1 )
        -:  244:    {
    #####:  245:      return -1;
        -:  246:    }
        -:  247:	
        -:  248:  //get card played
      500:  249:  card = handCard(handPos, state);
        -:  250:	
        -:  251:  //check if selected card is an action
      500:  252:  if ( card < adventurer || card > treasure_map )
        -:  253:    {
    #####:  254:      return -1;
        -:  255:    }
        -:  256:	
        -:  257:  //play card
      500:  258:  if ( cardEffect(card, choice1, choice2, choice3, state, handPos, &coin_bonus) < 0 )
        -:  259:    {
    #####:  260:      return -1;
        -:  261:    }
        -:  262:	
        -:  263:  //reduce number of actions
      500:  264:  state->numActions--;
        -:  265:
        -:  266:  //update coins (Treasure cards may be added with card draws)
      500:  267:  updateCoins(state->whoseTurn, state, coin_bonus);
        -:  268:	
      500:  269:  return 0;
        -:  270:}
        -:  271:
    #####:  272:int buyCard(int supplyPos, struct gameState *state) {
        -:  273:  int who;
        -:  274:  if (DEBUG){
        -:  275:    printf("Entering buyCard...\n");
        -:  276:  }
        -:  277:
        -:  278:  // I don't know what to do about the phase thing.
        -:  279:
    #####:  280:  who = state->whoseTurn;
        -:  281:
    #####:  282:  if (state->numBuys < 1){
        -:  283:    if (DEBUG)
        -:  284:      printf("You do not have any buys left\n");
    #####:  285:    return -1;
    #####:  286:  } else if (supplyCount(supplyPos, state) <1){
        -:  287:    if (DEBUG)
        -:  288:      printf("There are not any of that type of card left\n");
    #####:  289:    return -1;
    #####:  290:  } else if (state->coins < getCost(supplyPos)){
        -:  291:    if (DEBUG) 
        -:  292:      printf("You do not have enough money to buy that. You have %d coins.\n", state->coins);
    #####:  293:    return -1;
        -:  294:  } else {
    #####:  295:    state->phase=1;
        -:  296:    //state->supplyCount[supplyPos]--;
    #####:  297:    gainCard(supplyPos, state, 0, who); //card goes in discard, this might be wrong.. (2 means goes into hand, 0 goes into discard)
        -:  298:  
    #####:  299:    state->coins = (state->coins) - (getCost(supplyPos));
    #####:  300:    state->numBuys--;
        -:  301:    if (DEBUG)
        -:  302:      printf("You bought card number %d for %d coins. You now have %d buys and %d coins.\n", supplyPos, getCost(supplyPos), state->numBuys, state->coins);
        -:  303:  }
        -:  304:
        -:  305:  //state->discard[who][state->discardCount[who]] = supplyPos;
        -:  306:  //state->discardCount[who]++;
        -:  307:    
    #####:  308:  return 0;
        -:  309:}
        -:  310:
    #####:  311:int numHandCards(struct gameState *state) {
    #####:  312:  return state->handCount[ whoseTurn(state) ];
        -:  313:}
        -:  314:
      500:  315:int handCard(int handPos, struct gameState *state) {
      500:  316:  int currentPlayer = whoseTurn(state);
      500:  317:  return state->hand[currentPlayer][handPos];
        -:  318:}
        -:  319:
    #####:  320:int supplyCount(int card, struct gameState *state) {
    #####:  321:  return state->supplyCount[card];
        -:  322:}
        -:  323:
    #####:  324:int fullDeckCount(int player, int card, struct gameState *state) {
        -:  325:  int i;
    #####:  326:  int count = 0;
        -:  327:
    #####:  328:  for (i = 0; i < state->deckCount[player]; i++)
        -:  329:    {
    #####:  330:      if (state->deck[player][i] == card) count++;
        -:  331:    }
        -:  332:
    #####:  333:  for (i = 0; i < state->handCount[player]; i++)
        -:  334:    {
    #####:  335:      if (state->hand[player][i] == card) count++;
        -:  336:    }
        -:  337:
    #####:  338:  for (i = 0; i < state->discardCount[player]; i++)
        -:  339:    {
    #####:  340:      if (state->discard[player][i] == card) count++;
        -:  341:    }
        -:  342:
    #####:  343:  return count;
        -:  344:}
        -:  345:
     1000:  346:int whoseTurn(struct gameState *state) {
     1000:  347:  return state->whoseTurn;
        -:  348:}
        -:  349:
    #####:  350:int endTurn(struct gameState *state) {
        -:  351:  int k;
        -:  352:  int i;
    #####:  353:  int currentPlayer = whoseTurn(state);
        -:  354:  
        -:  355:  //Discard hand
    #####:  356:  for (i = 0; i < state->handCount[currentPlayer]; i++){
    #####:  357:    state->discard[currentPlayer][state->discardCount[currentPlayer]++] = state->hand[currentPlayer][i];//Discard
    #####:  358:    state->hand[currentPlayer][i] = -1;//Set card to -1
        -:  359:  }
    #####:  360:  state->handCount[currentPlayer] = 0;//Reset hand count
        -:  361:    
        -:  362:  //Code for determining the player
    #####:  363:  if (currentPlayer < (state->numPlayers - 1)){ 
    #####:  364:    state->whoseTurn = currentPlayer + 1;//Still safe to increment
        -:  365:  }
        -:  366:  else{
    #####:  367:    state->whoseTurn = 0;//Max player has been reached, loop back around to player 1
        -:  368:  }
        -:  369:
    #####:  370:  state->outpostPlayed = 0;
    #####:  371:  state->phase = 0;
    #####:  372:  state->numActions = 1;
    #####:  373:  state->coins = 0;
    #####:  374:  state->numBuys = 1;
    #####:  375:  state->playedCardCount = 0;
    #####:  376:  state->handCount[state->whoseTurn] = 0;
        -:  377:
        -:  378:  //int k; move to top
        -:  379:  //Next player draws hand
    #####:  380:  for (k = 0; k < 5; k++){
    #####:  381:    drawCard(state->whoseTurn, state);//Draw a card
        -:  382:  }
        -:  383:
        -:  384:  //Update money
    #####:  385:  updateCoins(state->whoseTurn, state , 0);
        -:  386:
    #####:  387:  return 0;
        -:  388:}
        -:  389:
    #####:  390:int isGameOver(struct gameState *state) {
        -:  391:  int i;
        -:  392:  int j;
        -:  393:	
        -:  394:  //if stack of Province cards is empty, the game ends
    #####:  395:  if (state->supplyCount[province] == 0)
        -:  396:    {
    #####:  397:      return 1;
        -:  398:    }
        -:  399:
        -:  400:  //if three supply pile are at 0, the game ends
    #####:  401:  j = 0;
    #####:  402:  for (i = 0; i < 25; i++)
        -:  403:    {
    #####:  404:      if (state->supplyCount[i] == 0)
        -:  405:	{
    #####:  406:	  j++;
        -:  407:	}
        -:  408:    }
    #####:  409:  if ( j >= 3)
        -:  410:    {
    #####:  411:      return 1;
        -:  412:    }
        -:  413:
    #####:  414:  return 0;
        -:  415:}
        -:  416:
    #####:  417:int scoreFor (int player, struct gameState *state) {
        -:  418:
        -:  419:  int i;
    #####:  420:  int score = 0;
        -:  421:  //score from hand
    #####:  422:  for (i = 0; i < state->handCount[player]; i++)
        -:  423:    {
    #####:  424:      if (state->hand[player][i] == curse) { score = score - 1; };
    #####:  425:      if (state->hand[player][i] == estate) { score = score + 1; };
    #####:  426:      if (state->hand[player][i] == duchy) { score = score + 3; };
    #####:  427:      if (state->hand[player][i] == province) { score = score + 6; };
    #####:  428:      if (state->hand[player][i] == great_hall) { score = score + 1; };
    #####:  429:      if (state->hand[player][i] == gardens) { score = score + ( fullDeckCount(player, 0, state) / 10 ); };
        -:  430:    }
        -:  431:
        -:  432:  //score from discard
    #####:  433:  for (i = 0; i < state->discardCount[player]; i++)
        -:  434:    {
    #####:  435:      if (state->discard[player][i] == curse) { score = score - 1; };
    #####:  436:      if (state->discard[player][i] == estate) { score = score + 1; };
    #####:  437:      if (state->discard[player][i] == duchy) { score = score + 3; };
    #####:  438:      if (state->discard[player][i] == province) { score = score + 6; };
    #####:  439:      if (state->discard[player][i] == great_hall) { score = score + 1; };
    #####:  440:      if (state->discard[player][i] == gardens) { score = score + ( fullDeckCount(player, 0, state) / 10 ); };
        -:  441:    }
        -:  442:
        -:  443:  //score from deck
    #####:  444:  for (i = 0; i < state->discardCount[player]; i++)
        -:  445:    {
    #####:  446:      if (state->deck[player][i] == curse) { score = score - 1; };
    #####:  447:      if (state->deck[player][i] == estate) { score = score + 1; };
    #####:  448:      if (state->deck[player][i] == duchy) { score = score + 3; };
    #####:  449:      if (state->deck[player][i] == province) { score = score + 6; };
    #####:  450:      if (state->deck[player][i] == great_hall) { score = score + 1; };
    #####:  451:      if (state->deck[player][i] == gardens) { score = score + ( fullDeckCount(player, 0, state) / 10 ); };
        -:  452:    }
        -:  453:
    #####:  454:  return score;
        -:  455:}
        -:  456:
    #####:  457:int getWinners(int players[MAX_PLAYERS], struct gameState *state) {
        -:  458:  int i;	
        -:  459:  int j;
        -:  460:  int highScore;
        -:  461:  int currentPlayer;
        -:  462:
        -:  463:  //get score for each player
    #####:  464:  for (i = 0; i < MAX_PLAYERS; i++)
        -:  465:    {
        -:  466:      //set unused player scores to -9999
    #####:  467:      if (i >= state->numPlayers)
        -:  468:	{
    #####:  469:	  players[i] = -9999;
        -:  470:	}
        -:  471:      else
        -:  472:	{
    #####:  473:	  players[i] = scoreFor (i, state);
        -:  474:	}
        -:  475:    }
        -:  476:
        -:  477:  //find highest score
    #####:  478:  j = 0;
    #####:  479:  for (i = 0; i < MAX_PLAYERS; i++)
        -:  480:    {
    #####:  481:      if (players[i] > players[j])
        -:  482:	{
    #####:  483:	  j = i;
        -:  484:	}
        -:  485:    }
    #####:  486:  highScore = players[j];
        -:  487:
        -:  488:  //add 1 to players who had less turns
    #####:  489:  currentPlayer = whoseTurn(state);
    #####:  490:  for (i = 0; i < MAX_PLAYERS; i++)
        -:  491:    {
    #####:  492:      if ( players[i] == highScore && i > currentPlayer )
        -:  493:	{
    #####:  494:	  players[i]++;
        -:  495:	}
        -:  496:    }
        -:  497:
        -:  498:  //find new highest score
    #####:  499:  j = 0;
    #####:  500:  for (i = 0; i < MAX_PLAYERS; i++)
        -:  501:    {
    #####:  502:      if ( players[i] > players[j] )
        -:  503:	{
    #####:  504:	  j = i;
        -:  505:	}
        -:  506:    }
    #####:  507:  highScore = players[j];
        -:  508:
        -:  509:  //set winners in array to 1 and rest to 0
    #####:  510:  for (i = 0; i < MAX_PLAYERS; i++)
        -:  511:    {
    #####:  512:      if ( players[i] == highScore )
        -:  513:	{
    #####:  514:	  players[i] = 1;
        -:  515:	}
        -:  516:      else
        -:  517:	{
    #####:  518:	  players[i] = 0;
        -:  519:	}
        -:  520:    }
        -:  521:
    #####:  522:  return 0;
        -:  523:}
        -:  524:
     3797:  525:int drawCard(int player, struct gameState *state)
        -:  526:{	int count;
        -:  527:  int deckCounter;
     3797:  528:  if (state->deckCount[player] <= 0){//Deck is empty
        -:  529:    
        -:  530:    //Step 1 Shuffle the discard pile back into a deck
        -:  531:    int i;
        -:  532:    //Move discard to deck
    #####:  533:    for (i = 0; i < state->discardCount[player];i++){
    #####:  534:      state->deck[player][i] = state->discard[player][i];
    #####:  535:      state->discard[player][i] = -1;
        -:  536:    }
        -:  537:
    #####:  538:    state->deckCount[player] = state->discardCount[player];
    #####:  539:    state->discardCount[player] = 0;//Reset discard
        -:  540:
        -:  541:    //Shufffle the deck
    #####:  542:    shuffle(player, state);//Shuffle the deck up and make it so that we can draw
        -:  543:   
        -:  544:    if (DEBUG){//Debug statements
        -:  545:      printf("Deck count now: %d\n", state->deckCount[player]);
        -:  546:    }
        -:  547:    
    #####:  548:    state->discardCount[player] = 0;
        -:  549:
        -:  550:    //Step 2 Draw Card
    #####:  551:    count = state->handCount[player];//Get current player's hand count
        -:  552:    
        -:  553:    if (DEBUG){//Debug statements
        -:  554:      printf("Current hand count: %d\n", count);
        -:  555:    }
        -:  556:    
    #####:  557:    deckCounter = state->deckCount[player];//Create a holder for the deck count
        -:  558:
    #####:  559:    if (deckCounter == 0)
    #####:  560:      return -1;
        -:  561:
    #####:  562:    state->hand[player][count] = state->deck[player][deckCounter - 1];//Add card to hand
    #####:  563:    state->deckCount[player]--;
    #####:  564:    state->handCount[player]++;//Increment hand count
        -:  565:  }
        -:  566:
        -:  567:  else{
     3797:  568:    int count = state->handCount[player];//Get current hand count for player
        -:  569:    int deckCounter;
        -:  570:    if (DEBUG){//Debug statements
        -:  571:      printf("Current hand count: %d\n", count);
        -:  572:    }
        -:  573:
     3797:  574:    deckCounter = state->deckCount[player];//Create holder for the deck count
     3797:  575:    state->hand[player][count] = state->deck[player][deckCounter - 1];//Add card to the hand
     3797:  576:    state->deckCount[player]--;
     3797:  577:    state->handCount[player]++;//Increment hand count
        -:  578:  }
        -:  579:
     3797:  580:  return 0;
        -:  581:}
        -:  582:
    #####:  583:int getCost(int cardNumber)
        -:  584:{
    #####:  585:  switch( cardNumber ) 
        -:  586:    {
        -:  587:    case curse:
    #####:  588:      return 0;
        -:  589:    case estate:
    #####:  590:      return 2;
        -:  591:    case duchy:
    #####:  592:      return 5;
        -:  593:    case province:
    #####:  594:      return 8;
        -:  595:    case copper:
    #####:  596:      return 0;
        -:  597:    case silver:
    #####:  598:      return 3;
        -:  599:    case gold:
    #####:  600:      return 6;
        -:  601:    case adventurer:
    #####:  602:      return 6;
        -:  603:    case council_room:
    #####:  604:      return 5;
        -:  605:    case feast:
    #####:  606:      return 4;
        -:  607:    case gardens:
    #####:  608:      return 4;
        -:  609:    case mine:
    #####:  610:      return 5;
        -:  611:    case remodel:
    #####:  612:      return 4;
        -:  613:    case smithy:
    #####:  614:      return 4;
        -:  615:    case village:
    #####:  616:      return 3;
        -:  617:    case baron:
    #####:  618:      return 4;
        -:  619:    case great_hall:
    #####:  620:      return 3;
        -:  621:    case minion:
    #####:  622:      return 5;
        -:  623:    case steward:
    #####:  624:      return 3;
        -:  625:    case tribute:
    #####:  626:      return 5;
        -:  627:    case ambassador:
    #####:  628:      return 3;
        -:  629:    case cutpurse:
    #####:  630:      return 4;
        -:  631:    case embargo: 
    #####:  632:      return 2;
        -:  633:    case outpost:
    #####:  634:      return 5;
        -:  635:    case salvager:
    #####:  636:      return 4;
        -:  637:    case sea_hag:
    #####:  638:      return 4;
        -:  639:    case treasure_map:
    #####:  640:      return 4;
        -:  641:    }
        -:  642:	
    #####:  643:  return -1;
        -:  644:}
        -:  645:
      500:  646:int cardEffect(int card, int choice1, int choice2, int choice3, struct gameState *state, int handPos, int *bonus)
        -:  647:{
        -:  648:  int i;
        -:  649:  int j;
        -:  650:  int k;
        -:  651:  int x;
        -:  652:  int index;
      500:  653:  int currentPlayer = whoseTurn(state);
      500:  654:  int nextPlayer = currentPlayer + 1;
        -:  655:
      500:  656:  int tributeRevealedCards[2] = {-1, -1};
        -:  657:  int temphand[MAX_HAND];// moved above the if statement
      500:  658:  int drawntreasure=0;
        -:  659:  int cardDrawn;
      500:  660:  int z = 0;// this is the counter for the temp hand
      500:  661:  if (nextPlayer > (state->numPlayers - 1)){
    #####:  662:    nextPlayer = 0;
        -:  663:  }
        -:  664:  
        -:  665:	
        -:  666:  //uses switch to select card and perform actions
      500:  667:  switch( card )   
        -:  668:  {
        -:  669:  case adventurer:
      500:  670:	  return playAdventurer(drawntreasure, currentPlayer, state, cardDrawn, temphand, z);
        -:  671:
        -:  672:
        -:  673:
        -:  674:			
        -:  675:    case council_room:
        -:  676:      //+4 Cards
    #####:  677:      for (i = 0; i < 4; i++)
        -:  678:	{
    #####:  679:	  drawCard(currentPlayer, state);
        -:  680:	}
        -:  681:			
        -:  682:      //+1 Buy
    #####:  683:      state->numBuys++;
        -:  684:			
        -:  685:      //Each other player draws a card
    #####:  686:      for (i = 0; i < state->numPlayers; i++)
        -:  687:	{
    #####:  688:	  if ( i != currentPlayer )
        -:  689:	    {
    #####:  690:	      drawCard(i, state);
        -:  691:	    }
        -:  692:	}
        -:  693:			
        -:  694:      //put played card in played card pile
    #####:  695:      discardCard(handPos, currentPlayer, state, 0);
        -:  696:			
    #####:  697:      return 0;
        -:  698:			
        -:  699:    case feast:
        -:  700:      //gain card with cost up to 5
        -:  701:      //Backup hand
    #####:  702:      for (i = 0; i <= state->handCount[currentPlayer]; i++){
    #####:  703:	temphand[i] = state->hand[currentPlayer][i];//Backup card
    #####:  704:	state->hand[currentPlayer][i] = -1;//Set to nothing
        -:  705:      }
        -:  706:      //Backup hand
        -:  707:
        -:  708:      //Update Coins for Buy
    #####:  709:      updateCoins(currentPlayer, state, 5);
    #####:  710:      x = 1;//Condition to loop on
    #####:  711:      while( x == 1) {//Buy one card
    #####:  712:	if (supplyCount(choice1, state) <= 0){
        -:  713:	  if (DEBUG)
        -:  714:	    printf("None of that card left, sorry!\n");
        -:  715:
        -:  716:	  if (DEBUG){
        -:  717:	    printf("Cards Left: %d\n", supplyCount(choice1, state));
        -:  718:	  }
        -:  719:	}
    #####:  720:	else if (state->coins < getCost(choice1)){
    #####:  721:	  printf("That card is too expensive!\n");
        -:  722:
        -:  723:	  if (DEBUG){
        -:  724:	    printf("Coins: %d < %d\n", state->coins, getCost(choice1));
        -:  725:	  }
        -:  726:	}
        -:  727:	else{
        -:  728:
        -:  729:	  if (DEBUG){
        -:  730:	    printf("Deck Count: %d\n", state->handCount[currentPlayer] + state->deckCount[currentPlayer] + state->discardCount[currentPlayer]);
        -:  731:	  }
        -:  732:
    #####:  733:	  gainCard(choice1, state, 0, currentPlayer);//Gain the card
    #####:  734:	  x = 0;//No more buying cards
        -:  735:
        -:  736:	  if (DEBUG){
        -:  737:	    printf("Deck Count: %d\n", state->handCount[currentPlayer] + state->deckCount[currentPlayer] + state->discardCount[currentPlayer]);
        -:  738:	  }
        -:  739:
        -:  740:	}
        -:  741:      }     
        -:  742:
        -:  743:      //Reset Hand
    #####:  744:      for (i = 0; i <= state->handCount[currentPlayer]; i++){
    #####:  745:	state->hand[currentPlayer][i] = temphand[i];
    #####:  746:	temphand[i] = -1;
        -:  747:      }
        -:  748:      //Reset Hand
        -:  749:      			
    #####:  750:      return 0;
        -:  751:			
        -:  752:    case gardens:
    #####:  753:		return playGardens();
        -:  754:			
        -:  755:    case mine:
    #####:  756:      j = state->hand[currentPlayer][choice1];  //store card we will trash
        -:  757:
    #####:  758:      if (state->hand[currentPlayer][choice1] < copper || state->hand[currentPlayer][choice1] > gold)
        -:  759:	{
    #####:  760:	  return -1;
        -:  761:	}
        -:  762:		
    #####:  763:      if (choice2 > treasure_map || choice2 < curse)
        -:  764:	{
    #####:  765:	  return -1;
        -:  766:	}
        -:  767:
    #####:  768:      if ( (getCost(state->hand[currentPlayer][choice1]) + 3) > getCost(choice2) )
        -:  769:	{
    #####:  770:	  return -1;
        -:  771:	}
        -:  772:
    #####:  773:      gainCard(choice2, state, 2, currentPlayer);
        -:  774:
        -:  775:      //discard card from hand
    #####:  776:      discardCard(handPos, currentPlayer, state, 0);
        -:  777:
        -:  778:      //discard trashed card
    #####:  779:      for (i = 0; i < state->handCount[currentPlayer]; i++)
        -:  780:	{
    #####:  781:	  if (state->hand[currentPlayer][i] == j)
        -:  782:	    {
    #####:  783:	      discardCard(i, currentPlayer, state, 0);			
    #####:  784:	      break;
        -:  785:	    }
        -:  786:	}
        -:  787:			
    #####:  788:      return 0;
        -:  789:			
        -:  790:    case remodel:
    #####:  791:      j = state->hand[currentPlayer][choice1];  //store card we will trash
        -:  792:
    #####:  793:      if ( (getCost(state->hand[currentPlayer][choice1]) + 2) > getCost(choice2) )
        -:  794:	{
    #####:  795:	  return -1;
        -:  796:	}
        -:  797:
    #####:  798:      gainCard(choice2, state, 0, currentPlayer);
        -:  799:
        -:  800:      //discard card from hand
    #####:  801:      discardCard(handPos, currentPlayer, state, 0);
        -:  802:
        -:  803:      //discard trashed card
    #####:  804:      for (i = 0; i < state->handCount[currentPlayer]; i++)
        -:  805:	{
    #####:  806:	  if (state->hand[currentPlayer][i] == j)
        -:  807:	    {
    #####:  808:	      discardCard(i, currentPlayer, state, 0);			
    #####:  809:	      break;
        -:  810:	    }
        -:  811:	}
        -:  812:
        -:  813:
    #####:  814:      return 0;
        -:  815:		
        -:  816:    case smithy:
        -:  817:
    #####:  818:		return playSmithy(currentPlayer, state, handPos);
        -:  819:
        -:  820:
        -:  821:		
        -:  822:    case village:
        -:  823:      //+1 Card
    #####:  824:      drawCard(currentPlayer, state);
        -:  825:			
        -:  826:      //+2 Actions
    #####:  827:      state->numActions = state->numActions + 2;
        -:  828:			
        -:  829:      //discard played card from hand
    #####:  830:      discardCard(handPos, currentPlayer, state, 0);
    #####:  831:      return 0;
        -:  832:		
        -:  833:    case baron:
    #####:  834:      state->numBuys++;//Increase buys by 1!
    #####:  835:      if (choice1 > 0){//Boolean true or going to discard an estate
    #####:  836:	int p = 0;//Iterator for hand!
    #####:  837:	int card_not_discarded = 1;//Flag for discard set!
    #####:  838:	while(card_not_discarded){
    #####:  839:	  if (state->hand[currentPlayer][p] == estate){//Found an estate card!
    #####:  840:	    state->coins += 4;//Add 4 coins to the amount of coins
    #####:  841:	    state->discard[currentPlayer][state->discardCount[currentPlayer]] = state->hand[currentPlayer][p];
    #####:  842:	    state->discardCount[currentPlayer]++;
    #####:  843:	    for (;p < state->handCount[currentPlayer]; p++){
    #####:  844:	      state->hand[currentPlayer][p] = state->hand[currentPlayer][p+1];
        -:  845:	    }
    #####:  846:	    state->hand[currentPlayer][state->handCount[currentPlayer]] = -1;
    #####:  847:	    state->handCount[currentPlayer]--;
    #####:  848:	    card_not_discarded = 0;//Exit the loop
        -:  849:	  }
    #####:  850:	  else if (p > state->handCount[currentPlayer]){
        -:  851:	    if(DEBUG) {
        -:  852:	      printf("No estate cards in your hand, invalid choice\n");
        -:  853:	      printf("Must gain an estate if there are any\n");
        -:  854:	    }
    #####:  855:	    if (supplyCount(estate, state) > 0){
    #####:  856:	      gainCard(estate, state, 0, currentPlayer);
    #####:  857:	      state->supplyCount[estate]--;//Decrement estates
    #####:  858:	      if (supplyCount(estate, state) == 0){
    #####:  859:		isGameOver(state);
        -:  860:	      }
        -:  861:	    }
    #####:  862:	    card_not_discarded = 0;//Exit the loop
        -:  863:	  }
        -:  864:			    
        -:  865:	  else{
    #####:  866:	    p++;//Next card
        -:  867:	  }
        -:  868:	}
        -:  869:      }
        -:  870:			    
        -:  871:      else{
    #####:  872:	if (supplyCount(estate, state) > 0){
    #####:  873:	  gainCard(estate, state, 0, currentPlayer);//Gain an estate
    #####:  874:	  state->supplyCount[estate]--;//Decrement Estates
    #####:  875:	  if (supplyCount(estate, state) == 0){
    #####:  876:	    isGameOver(state);
        -:  877:	  }
        -:  878:	}
        -:  879:      }
        -:  880:	    
        -:  881:      
    #####:  882:      return 0;
        -:  883:		
        -:  884:    case great_hall:
        -:  885:      //+1 Card
    #####:  886:      drawCard(currentPlayer, state);
        -:  887:			
        -:  888:      //+1 Actions
    #####:  889:      state->numActions++;
        -:  890:			
        -:  891:      //discard card from hand
    #####:  892:      discardCard(handPos, currentPlayer, state, 0);
    #####:  893:      return 0;
        -:  894:		
        -:  895:    case minion:
        -:  896:      //+1 action
    #####:  897:      state->numActions++;
        -:  898:			
        -:  899:      //discard card from hand
    #####:  900:      discardCard(handPos, currentPlayer, state, 0);
        -:  901:			
    #####:  902:      if (choice1)		//+2 coins
        -:  903:	{
    #####:  904:	  state->coins = state->coins + 2;
        -:  905:	}
        -:  906:			
    #####:  907:      else if (choice2)		//discard hand, redraw 4, other players with 5+ cards discard hand and draw 4
        -:  908:	{
        -:  909:	  //discard hand
    #####:  910:	  while(numHandCards(state) > 0)
        -:  911:	    {
    #####:  912:	      discardCard(handPos, currentPlayer, state, 0);
        -:  913:	    }
        -:  914:				
        -:  915:	  //draw 4
    #####:  916:	  for (i = 0; i < 4; i++)
        -:  917:	    {
    #####:  918:	      drawCard(currentPlayer, state);
        -:  919:	    }
        -:  920:				
        -:  921:	  //other players discard hand and redraw if hand size > 4
    #####:  922:	  for (i = 0; i < state->numPlayers; i++)
        -:  923:	    {
    #####:  924:	      if (i != currentPlayer)
        -:  925:		{
    #####:  926:		  if ( state->handCount[i] > 4 )
        -:  927:		    {
        -:  928:		      //discard hand
    #####:  929:		      while( state->handCount[i] > 0 )
        -:  930:			{
    #####:  931:			  discardCard(handPos, i, state, 0);
        -:  932:			}
        -:  933:							
        -:  934:		      //draw 4
    #####:  935:		      for (j = 0; j < 4; j++)
        -:  936:			{
    #####:  937:			  drawCard(i, state);
        -:  938:			}
        -:  939:		    }
        -:  940:		}
        -:  941:	    }
        -:  942:				
        -:  943:	}
    #####:  944:      return 0;
        -:  945:		
        -:  946:    case steward:
    #####:  947:      if (choice1 == 1)
        -:  948:	{
        -:  949:	  //+2 cards
    #####:  950:	  drawCard(currentPlayer, state);
    #####:  951:	  drawCard(currentPlayer, state);
        -:  952:	}
    #####:  953:      else if (choice1 == 2)
        -:  954:	{
        -:  955:	  //+2 coins
    #####:  956:	  state->coins = state->coins + 2;
        -:  957:	}
        -:  958:      else
        -:  959:	{
        -:  960:	  //trash 2 cards in hand
    #####:  961:	  discardCard(choice2, currentPlayer, state, 1);
    #####:  962:	  discardCard(choice3, currentPlayer, state, 1);
        -:  963:	}
        -:  964:			
        -:  965:      //discard card from hand
    #####:  966:      discardCard(handPos, currentPlayer, state, 0);
    #####:  967:      return 0;
        -:  968:		
        -:  969:    case tribute:
    #####:  970:      if ((state->discardCount[nextPlayer] + state->deckCount[nextPlayer]) <= 1){
    #####:  971:	if (state->deckCount[nextPlayer] > 0){
    #####:  972:	  tributeRevealedCards[0] = state->deck[nextPlayer][state->deckCount[nextPlayer]-1];
    #####:  973:	  state->deckCount[nextPlayer]--;
        -:  974:	}
    #####:  975:	else if (state->discardCount[nextPlayer] > 0){
    #####:  976:	  tributeRevealedCards[0] = state->discard[nextPlayer][state->discardCount[nextPlayer]-1];
    #####:  977:	  state->discardCount[nextPlayer]--;
        -:  978:	}
        -:  979:	else{
        -:  980:	  //No Card to Reveal
        -:  981:	  if (DEBUG){
        -:  982:	    printf("No cards to reveal\n");
        -:  983:	  }
        -:  984:	}
        -:  985:      }
        -:  986:	    
        -:  987:      else{
    #####:  988:	if (state->deckCount[nextPlayer] == 0){
    #####:  989:	  for (i = 0; i < state->discardCount[nextPlayer]; i++){
    #####:  990:	    state->deck[nextPlayer][i] = state->discard[nextPlayer][i];//Move to deck
    #####:  991:	    state->deckCount[nextPlayer]++;
    #####:  992:	    state->discard[nextPlayer][i] = -1;
    #####:  993:	    state->discardCount[nextPlayer]--;
        -:  994:	  }
        -:  995:			    
    #####:  996:	  shuffle(nextPlayer,state);//Shuffle the deck
        -:  997:	} 
    #####:  998:	tributeRevealedCards[0] = state->deck[nextPlayer][state->deckCount[nextPlayer]-1];
    #####:  999:	state->deck[nextPlayer][state->deckCount[nextPlayer]--] = -1;
    #####: 1000:	state->deckCount[nextPlayer]--;
    #####: 1001:	tributeRevealedCards[1] = state->deck[nextPlayer][state->deckCount[nextPlayer]-1];
    #####: 1002:	state->deck[nextPlayer][state->deckCount[nextPlayer]--] = -1;
    #####: 1003:	state->deckCount[nextPlayer]--;
        -: 1004:      }    
        -: 1005:		       
    #####: 1006:      if (tributeRevealedCards[0] == tributeRevealedCards[1]){//If we have a duplicate card, just drop one 
    #####: 1007:	state->playedCards[state->playedCardCount] = tributeRevealedCards[1];
    #####: 1008:	state->playedCardCount++;
    #####: 1009:	tributeRevealedCards[1] = -1;
        -: 1010:      }
        -: 1011:
    #####: 1012:      for (i = 0; i <= 2; i ++){
    #####: 1013:	if (tributeRevealedCards[i] == copper || tributeRevealedCards[i] == silver || tributeRevealedCards[i] == gold){//Treasure cards
    #####: 1014:	  state->coins += 2;
        -: 1015:	}
        -: 1016:		    
    #####: 1017:	else if (tributeRevealedCards[i] == estate || tributeRevealedCards[i] == duchy || tributeRevealedCards[i] == province || tributeRevealedCards[i] == gardens || tributeRevealedCards[i] == great_hall){//Victory Card Found
    #####: 1018:	  drawCard(currentPlayer, state);
    #####: 1019:	  drawCard(currentPlayer, state);
        -: 1020:	}
        -: 1021:	else{//Action Card
    #####: 1022:	  state->numActions = state->numActions + 2;
        -: 1023:	}
        -: 1024:      }
        -: 1025:	    
    #####: 1026:      return 0;
        -: 1027:		
        -: 1028:    case ambassador:
    #####: 1029:		return playAmbassador(choice1, choice2, state, handPos, currentPlayer);
        -: 1030:
        -: 1031:
        -: 1032: 
        -: 1033:		
        -: 1034:    case cutpurse:
        -: 1035:
    #####: 1036:      updateCoins(currentPlayer, state, 2);
    #####: 1037:      for (i = 0; i < state->numPlayers; i++)
        -: 1038:	{
    #####: 1039:	  if (i != currentPlayer)
        -: 1040:	    {
    #####: 1041:	      for (j = 0; j < state->handCount[i]; j++)
        -: 1042:		{
    #####: 1043:		  if (state->hand[i][j] == copper)
        -: 1044:		    {
    #####: 1045:		      discardCard(j, i, state, 0);
    #####: 1046:		      break;
        -: 1047:		    }
    #####: 1048:		  if (j == state->handCount[i])
        -: 1049:		    {
    #####: 1050:		      for (k = 0; k < state->handCount[i]; k++)
        -: 1051:			{
        -: 1052:			  if (DEBUG)
        -: 1053:			    printf("Player %d reveals card number %d\n", i, state->hand[i][k]);
        -: 1054:			}	
    #####: 1055:		      break;
        -: 1056:		    }		
        -: 1057:		}
        -: 1058:					
        -: 1059:	    }
        -: 1060:				
        -: 1061:	}				
        -: 1062:
        -: 1063:      //discard played card from hand
    #####: 1064:      discardCard(handPos, currentPlayer, state, 0);			
        -: 1065:
    #####: 1066:      return 0;
        -: 1067:
        -: 1068:		
        -: 1069:    case embargo: 
        -: 1070:      //+2 Coins
    #####: 1071:      state->coins = state->coins + 2;
        -: 1072:			
        -: 1073:      //see if selected pile is in play
    #####: 1074:      if ( state->supplyCount[choice1] == -1 )
        -: 1075:	{
    #####: 1076:	  return -1;
        -: 1077:	}
        -: 1078:			
        -: 1079:      //add embargo token to selected supply pile
    #####: 1080:      state->embargoTokens[choice1]++;
        -: 1081:			
        -: 1082:      //trash card
    #####: 1083:      discardCard(handPos, currentPlayer, state, 1);		
    #####: 1084:      return 0;
        -: 1085:		
        -: 1086:    case outpost:
    #####: 1087:		return playOutpost(state, handPos, currentPlayer);
        -: 1088:
        -: 1089:		
        -: 1090:    case salvager:
        -: 1091:      //+1 buy
    #####: 1092:      state->numBuys++;
        -: 1093:			
    #####: 1094:      if (choice1)
        -: 1095:	{
        -: 1096:	  //gain coins equal to trashed card
    #####: 1097:	  state->coins = state->coins + getCost( handCard(choice1, state) );
        -: 1098:	  //trash card
    #####: 1099:	  discardCard(choice1, currentPlayer, state, 1);	
        -: 1100:	}
        -: 1101:			
        -: 1102:      //discard card
    #####: 1103:      discardCard(handPos, currentPlayer, state, 0);
    #####: 1104:      return 0;
        -: 1105:		
        -: 1106:    case sea_hag:
    #####: 1107:      for (i = 0; i < state->numPlayers; i++){
    #####: 1108:	if (i != currentPlayer){
    #####: 1109:	  state->discard[i][state->discardCount[i]] = state->deck[i][state->deckCount[i]--];			    state->deckCount[i]--;
    #####: 1110:	  state->discardCount[i]++;
    #####: 1111:	  state->deck[i][state->deckCount[i]--] = curse;//Top card now a curse
        -: 1112:	}
        -: 1113:      }
    #####: 1114:      return 0;
        -: 1115:		
        -: 1116:    case treasure_map:
        -: 1117:      //search hand for another treasure_map
    #####: 1118:      index = -1;
    #####: 1119:      for (i = 0; i < state->handCount[currentPlayer]; i++)
        -: 1120:	{
    #####: 1121:	  if (state->hand[currentPlayer][i] == treasure_map && i != handPos)
        -: 1122:	    {
    #####: 1123:	      index = i;
    #####: 1124:	      break;
        -: 1125:	    }
        -: 1126:	}
    #####: 1127:      if (index > -1)
        -: 1128:	{
        -: 1129:	  //trash both treasure cards
    #####: 1130:	  discardCard(handPos, currentPlayer, state, 1);
    #####: 1131:	  discardCard(index, currentPlayer, state, 1);
        -: 1132:
        -: 1133:	  //gain 4 Gold cards
    #####: 1134:	  for (i = 0; i < 4; i++)
        -: 1135:	    {
    #####: 1136:	      gainCard(gold, state, 1, currentPlayer);
        -: 1137:	    }
        -: 1138:				
        -: 1139:	  //return success
    #####: 1140:	  return 1;
        -: 1141:	}
        -: 1142:			
        -: 1143:      //no second treasure_map found in hand
    #####: 1144:      return -1;
        -: 1145:    }
        -: 1146:	
    #####: 1147:  return -1;
        -: 1148:}
        -: 1149:
    #####: 1150:int discardCard(int handPos, int currentPlayer, struct gameState *state, int trashFlag)
        -: 1151:{
        -: 1152:	
        -: 1153:  //if card is not trashed, added to Played pile 
    #####: 1154:  if (trashFlag < 1)
        -: 1155:    {
        -: 1156:      //add card to played pile
    #####: 1157:      state->playedCards[state->playedCardCount] = state->hand[currentPlayer][handPos]; 
    #####: 1158:      state->playedCardCount++;
        -: 1159:    }
        -: 1160:	
        -: 1161:  //set played card to -1
    #####: 1162:  state->hand[currentPlayer][handPos] = -1;
        -: 1163:	
        -: 1164:  //remove card from player's hand
    #####: 1165:  if ( handPos == (state->handCount[currentPlayer] - 1) ) 	//last card in hand array is played
        -: 1166:    {
        -: 1167:      //reduce number of cards in hand
    #####: 1168:      state->handCount[currentPlayer]--;
        -: 1169:    }
    #####: 1170:  else if ( state->handCount[currentPlayer] == 1 ) //only one card in hand
        -: 1171:    {
        -: 1172:      //reduce number of cards in hand
    #####: 1173:      state->handCount[currentPlayer]--;
        -: 1174:    }
        -: 1175:  else 	
        -: 1176:    {
        -: 1177:      //replace discarded card with last card in hand
    #####: 1178:      state->hand[currentPlayer][handPos] = state->hand[currentPlayer][ (state->handCount[currentPlayer] - 1)];
        -: 1179:      //set last card to -1
    #####: 1180:      state->hand[currentPlayer][state->handCount[currentPlayer] - 1] = -1;
        -: 1181:      //reduce number of cards in hand
    #####: 1182:      state->handCount[currentPlayer]--;
        -: 1183:    }
        -: 1184:	
    #####: 1185:  return 0;
        -: 1186:}
        -: 1187:
    #####: 1188:int gainCard(int supplyPos, struct gameState *state, int toFlag, int player)
        -: 1189:{
        -: 1190:  //Note: supplyPos is enum of choosen card
        -: 1191:	
        -: 1192:  //check if supply pile is empty (0) or card is not used in game (-1)
    #####: 1193:  if ( supplyCount(supplyPos, state) < 1 )
        -: 1194:    {
    #####: 1195:      return -1;
        -: 1196:    }
        -: 1197:	
        -: 1198:  //added card for [whoseTurn] current player:
        -: 1199:  // toFlag = 0 : add to discard
        -: 1200:  // toFlag = 1 : add to deck
        -: 1201:  // toFlag = 2 : add to hand
        -: 1202:
    #####: 1203:  if (toFlag == 1)
        -: 1204:    {
    #####: 1205:      state->deck[ player ][ state->deckCount[player] ] = supplyPos;
    #####: 1206:      state->deckCount[player]++;
        -: 1207:    }
    #####: 1208:  else if (toFlag == 2)
        -: 1209:    {
    #####: 1210:      state->hand[ player ][ state->handCount[player] ] = supplyPos;
    #####: 1211:      state->handCount[player]++;
        -: 1212:    }
        -: 1213:  else
        -: 1214:    {
    #####: 1215:      state->discard[player][ state->discardCount[player] ] = supplyPos;
    #####: 1216:      state->discardCount[player]++;
        -: 1217:    }
        -: 1218:	
        -: 1219:  //decrease number in supply pile
    #####: 1220:  state->supplyCount[supplyPos]--;
        -: 1221:	 
    #####: 1222:  return 0;
        -: 1223:}
        -: 1224:
     1000: 1225:int updateCoins(int player, struct gameState *state, int bonus)
        -: 1226:{
        -: 1227:  int i;
        -: 1228:	
        -: 1229:  //reset coin count
     1000: 1230:  state->coins = 0;
        -: 1231:
        -: 1232:  //add coins for each Treasure card in player's hand
     6290: 1233:  for (i = 0; i < state->handCount[player]; i++)
        -: 1234:    {
     5290: 1235:      if (state->hand[player][i] == copper)
        -: 1236:	{
     4339: 1237:	  state->coins += 1;
        -: 1238:	}
      951: 1239:      else if (state->hand[player][i] == silver)
        -: 1240:	{
    #####: 1241:	  state->coins += 2;
        -: 1242:	}
      951: 1243:      else if (state->hand[player][i] == gold)
        -: 1244:	{
    #####: 1245:	  state->coins += 3;
        -: 1246:	}	
        -: 1247:    }	
        -: 1248:
        -: 1249:  //add bonus
     1000: 1250:  state->coins += bonus;
        -: 1251:
     1000: 1252:  return 0;
        -: 1253:}
        -: 1254:
      500: 1255:int playAdventurer(int drawnTreasure, int currentPlayer, struct gameState* state, int cardDrawn, int* tempHand, int tempHandIndex)
        -: 1256:{
     2297: 1257:	while (drawnTreasure < 2)
        -: 1258:	{
     1297: 1259:		if (state->deckCount[currentPlayer] <= 1)
    #####: 1260:			shuffle(currentPlayer, state);
        -: 1261:
     1297: 1262:		drawCard(currentPlayer, state);
     1297: 1263:		cardDrawn = state->hand[currentPlayer][state->handCount[currentPlayer] - 1];
     1297: 1264:		if (cardDrawn == copper || cardDrawn == silver || cardDrawn == gold)
     1000: 1265:			drawnTreasure++;
        -: 1266:		else
        -: 1267:		{
      297: 1268:			tempHand[tempHandIndex] = cardDrawn;
      297: 1269:			state->handCount[currentPlayer]--;
      297: 1270:			tempHandIndex++;
        -: 1271:		}
        -: 1272:	}
        -: 1273:
     1297: 1274:	while (tempHandIndex - 1 >= 0)
        -: 1275:	{
      297: 1276:		state->discard[currentPlayer][state->discardCount[currentPlayer]++] = tempHand[tempHandIndex - 1];
      297: 1277:		tempHandIndex--;
        -: 1278:	}
        -: 1279:	
      500: 1280:	return 0;
        -: 1281:}
        -: 1282:
        -: 1283:
    #####: 1284:int playAmbassador(int choice1, int choice2, struct gameState* state, int handPos, int currentPlayer)
        -: 1285:{
    #####: 1286:	int j = 0;
        -: 1287:
    #####: 1288:	if (choice2 > 2 || choice2 < 0)
    #####: 1289:		return -1;
        -: 1290:
    #####: 1291:	if (choice1 == handPos)
    #####: 1292:		return -1;
        -: 1293:
    #####: 1294:	for (int i = 0; i < state->handCount[currentPlayer]; i++)
    #####: 1295:		if (i != handPos && i == state->hand[currentPlayer][choice1] && i != choice1)
    #####: 1296:			j++;
        -: 1297:
    #####: 1298:	if (j < choice2)
    #####: 1299:		return -1;
        -: 1300:
        -: 1301:		if (DEBUG)
        -: 1302:		printf("Player %d reveals card number: %d\n", currentPlayer, state->hand[currentPlayer][choice1]);
        -: 1303:
        -: 1304:	//increase supply count for choosen card by amount being discarded
    #####: 1305:	state->supplyCount[state->hand[currentPlayer][choice1]] += choice2;
        -: 1306:
        -: 1307:	//each other player gains a copy of revealed card
    #####: 1308:	for (int i = 0; i < state->numPlayers; i++)
        -: 1309:	{
    #####: 1310:		if (i != currentPlayer)
        -: 1311:		{
    #####: 1312:			gainCard(state->hand[currentPlayer][choice2], state, 0, i);
        -: 1313:		}
        -: 1314:	}
        -: 1315:
        -: 1316:	//discard played card from hand
    #####: 1317:	discardCard(handPos, currentPlayer, state, 0);
        -: 1318:
        -: 1319:	//trash copies of cards returned to supply
    #####: 1320:	for (j = 0; j < choice2; j++)
        -: 1321:	{
    #####: 1322:		for (int i = 0; i < state->handCount[currentPlayer]; i++)
        -: 1323:		{
    #####: 1324:			if (state->hand[currentPlayer][i] == state->hand[currentPlayer][choice1])
        -: 1325:			{
    #####: 1326:				discardCard(i, currentPlayer, state, 1);
    #####: 1327:				break;
        -: 1328:			}
        -: 1329:		}
        -: 1330:	}
        -: 1331:
    #####: 1332:	return 0;
        -: 1333:}
        -: 1334:
        -: 1335:
    #####: 1336:int playSmithy(int* currentPlayer, struct gameState* state, int* handPosition)
        -: 1337:{
    #####: 1338:	drawCard(currentPlayer, state);
    #####: 1339:	drawCard(currentPlayer, state);
    #####: 1340:	drawCard(currentPlayer, state);
        -: 1341:
    #####: 1342:	discardCard(handPosition, currentPlayer, state, 0);
        -: 1343:
    #####: 1344:	return 0;
        -: 1345:}
        -: 1346:
    #####: 1347:int playGardens()
        -: 1348:{
    #####: 1349:	return 0;
        -: 1350:}
        -: 1351:
        -: 1352:
    #####: 1353:int playOutpost(struct gameState* state, int handPosition, int currentPlayer)
        -: 1354:{
    #####: 1355:	state->outpostPlayed = 1;
    #####: 1356:	discardCard(handPosition, currentPlayer, state, 0);
    #####: 1357:	return 0;
        -: 1358:}
        -: 1359:
        -: 1360://end of dominion.c
        -: 1361:
